<?xml version="1.0" encoding="UTF-8"?>
<!-- Generated by org.testng.reporters.JUnitReportReporter -->
<testsuite name="dataDriven.excelDataProvider.dataProvide" tests="3" time="0.028" ignored="0" failures="0" timestamp="07 Apr 2019 16:33:51 GMT" skipped="0" hostname="DESKTOP-GOMK6OD" errors="0">
  <testcase name="testCaseData" time="0.007" classname="dataDriven.excelDataProvider.dataProvide"/>
  <testcase name="testCaseData" time="0.014" classname="dataDriven.excelDataProvider.dataProvide"/>
  <testcase name="testCaseData" time="0.007" classname="dataDriven.excelDataProvider.dataProvide"/>
</testsuite> <!-- dataDriven.excelDataProvider.dataProvide -->
