<?xml version="1.0" encoding="UTF-8"?>
<!-- Generated by org.testng.reporters.JUnitReportReporter -->
<testsuite name="remoteTesting.dockerValidation.chromeTest2" tests="1" time="32.543" ignored="0" failures="0" timestamp="06 Apr 2019 18:20:54 GMT" skipped="0" hostname="DESKTOP-GOMK6OD" errors="0">
  <testcase name="test2" time="32.543" classname="remoteTesting.dockerValidation.chromeTest2"/>
</testsuite> <!-- remoteTesting.dockerValidation.chromeTest2 -->
