<?xml version="1.0" encoding="UTF-8"?>
<!-- Generated by org.testng.reporters.JUnitReportReporter -->
<testsuite name="remoteTesting.dockerValidation.chromeTest1" tests="1" time="30.542" ignored="0" failures="0" timestamp="06 Apr 2019 18:20:54 GMT" skipped="0" hostname="DESKTOP-GOMK6OD" errors="0">
  <testcase name="test1" time="30.542" classname="remoteTesting.dockerValidation.chromeTest1"/>
</testsuite> <!-- remoteTesting.dockerValidation.chromeTest1 -->
