<?xml version="1.0" encoding="UTF-8"?>
<!-- Generated by org.testng.reporters.JUnitReportReporter -->
<testsuite name="remoteTesting.dockerValidation.startDocker" tests="1" time="32.330" ignored="0" failures="0" timestamp="06 Apr 2019 17:44:16 GMT" skipped="0" hostname="DESKTOP-GOMK6OD" errors="0">
  <testcase name="startFile" time="32.330" classname="remoteTesting.dockerValidation.startDocker"/>
</testsuite> <!-- remoteTesting.dockerValidation.startDocker -->
