<?xml version="1.0" encoding="UTF-8"?>
<!-- Generated by org.testng.reporters.JUnitReportReporter -->
<testsuite name="remoteTesting.dockerValidation.scalingChrome" tests="1" time="8.026" ignored="0" failures="0" timestamp="05 Apr 2019 20:57:54 GMT" skipped="0" hostname="DESKTOP-GOMK6OD" errors="0">
  <testcase name="startScaleFile" time="8.026" classname="remoteTesting.dockerValidation.scalingChrome"/>
</testsuite> <!-- remoteTesting.dockerValidation.scalingChrome -->
