<?xml version="1.0" encoding="UTF-8"?>
<!-- Generated by org.testng.reporters.JUnitReportReporter -->
<testsuite name="remoteTesting.dockerValidation.stopDocker" tests="1" time="3.055" ignored="0" failures="0" timestamp="06 Apr 2019 18:07:42 GMT" skipped="0" hostname="DESKTOP-GOMK6OD" errors="0">
  <testcase name="stopFile" time="3.055" classname="remoteTesting.dockerValidation.stopDocker"/>
</testsuite> <!-- remoteTesting.dockerValidation.stopDocker -->
