<?xml version="1.0" encoding="UTF-8"?>
<!-- Generated by org.testng.reporters.JUnitReportReporter -->
<testsuite skipped="0" hostname="DESKTOP-GOMK6OD" name="remoteTesting.dockerValidation.chromeTest3" tests="1" failures="0" timestamp="06 Apr 2019 18:57:02 GMT" time="52.237" errors="0">
  <testcase name="test3" time="52.237" classname="remoteTesting.dockerValidation.chromeTest3"/>
</testsuite> <!-- remoteTesting.dockerValidation.chromeTest3 -->
