<?xml version="1.0" encoding="UTF-8"?>
<!-- Generated by org.testng.reporters.JUnitReportReporter -->
<testsuite skipped="0" hostname="DESKTOP-GOMK6OD" name="remoteTesting.dockerValidation.chromeTest2" tests="1" failures="0" timestamp="06 Apr 2019 18:57:02 GMT" time="46.153" errors="0">
  <testcase name="test2" time="46.153" classname="remoteTesting.dockerValidation.chromeTest2"/>
</testsuite> <!-- remoteTesting.dockerValidation.chromeTest2 -->
