<?xml version="1.0" encoding="UTF-8"?>
<!-- Generated by org.testng.reporters.JUnitReportReporter -->
<testsuite skipped="0" hostname="DESKTOP-GOMK6OD" name="remoteTesting.dockerValidation.startDocker" tests="1" failures="0" timestamp="05 Apr 2019 20:22:19 GMT" time="6.039" errors="0">
  <testcase name="startFile" time="6.039" classname="remoteTesting.dockerValidation.startDocker"/>
</testsuite> <!-- remoteTesting.dockerValidation.startDocker -->
