<?xml version="1.0" encoding="UTF-8"?>
<!-- Generated by org.testng.reporters.JUnitReportReporter -->
<testsuite skipped="0" hostname="DESKTOP-GOMK6OD" name="remoteTesting.dockerValidation.scalingChrome" tests="1" failures="0" timestamp="05 Apr 2019 20:22:40 GMT" time="8.050" errors="0">
  <testcase name="startScaleFile" time="8.050" classname="remoteTesting.dockerValidation.scalingChrome"/>
</testsuite> <!-- remoteTesting.dockerValidation.scalingChrome -->
