<?xml version="1.0" encoding="UTF-8"?>
<!-- Generated by org.testng.reporters.JUnitReportReporter -->
<testsuite name="test1" tests="1" time="0.017" ignored="0" failures="0" timestamp="15 Apr 2019 11:59:50 GMT" skipped="0" hostname="DESKTOP-GOMK6OD" errors="0">
  <testcase name="regular" time="0.017" classname="test1"/>
</testsuite> <!-- test1 -->
